<?xml version="1.0" encoding="UTF-8"?>
<!-- Generated by org.testng.reporters.JUnitReportReporter -->
<testsuite skipped="0" hostname="lgvn181261" name="zalora.ZaloraTest" tests="1" failures="0" timestamp="07 Nov 2019 03:41:25 GMT" time="62.569" errors="0">
  <testcase name="TC01" time="62.569" classname="zalora.ZaloraTest"/>
</testsuite> <!-- zalora.ZaloraTest -->
